[1217/223528.223:ERROR:directory_reader_win.cc(43)] FindFirstFile: 系統找不到指定的路徑。 (0x3)
[1217/225555.866:ERROR:directory_reader_win.cc(43)] FindFirstFile: 系統找不到指定的路徑。 (0x3)
[1217/233327.212:ERROR:directory_reader_win.cc(43)] FindFirstFile: 系統找不到指定的路徑。 (0x3)
[1218/013743.803:ERROR:directory_reader_win.cc(43)] FindFirstFile: 系統找不到指定的路徑。 (0x3)
[1218/015931.614:ERROR:directory_reader_win.cc(43)] FindFirstFile: 系統找不到指定的路徑。 (0x3)
[1218/023230.504:ERROR:directory_reader_win.cc(43)] FindFirstFile: 系統找不到指定的路徑。 (0x3)
[1218/034138.882:ERROR:directory_reader_win.cc(43)] FindFirstFile: 系統找不到指定的路徑。 (0x3)
[1218/133016.877:ERROR:directory_reader_win.cc(43)] FindFirstFile: 系統找不到指定的路徑。 (0x3)
[1218/203127.633:ERROR:directory_reader_win.cc(43)] FindFirstFile: 系統找不到指定的路徑。 (0x3)
[1218/211445.701:ERROR:process_memory_win.cc(73)] ReadMemory at 0x7ff7aeda0000 of 64 bytes failed: 僅完成部分的 ReadProcessMemory 或 WriteProcessMemory 要求。 (0x12B)
[1218/211445.701:WARNING:pe_image_reader.cc(340)] could not read dos header from C:\Program Files (x86)\Google\Chrome\Application\chrome.exe
[1218/211445.701:ERROR:process_memory_win.cc(73)] ReadMemory at 0x7ffff0200000 of 64 bytes failed: 僅完成部分的 ReadProcessMemory 或 WriteProcessMemory 要求。 (0x12B)
[1218/211445.701:WARNING:pe_image_reader.cc(340)] could not read dos header from C:\WINDOWS\SYSTEM32\ntdll.dll
[1218/211445.701:ERROR:process_memory_win.cc(73)] ReadMemory at 0x7fffee2b0000 of 64 bytes failed: 僅完成部分的 ReadProcessMemory 或 WriteProcessMemory 要求。 (0x12B)
[1218/211445.701:WARNING:pe_image_reader.cc(340)] could not read dos header from C:\WINDOWS\System32\KERNEL32.DLL
[1218/211445.701:ERROR:process_memory_win.cc(73)] ReadMemory at 0x7fffed6c0000 of 64 bytes failed: 僅完成部分的 ReadProcessMemory 或 WriteProcessMemory 要求。 (0x12B)
[1218/211445.701:WARNING:pe_image_reader.cc(340)] could not read dos header from C:\WINDOWS\System32\KERNELBASE.dll
[1218/211445.701:ERROR:process_memory_win.cc(73)] ReadMemory at 0x7fffeacc0000 of 64 bytes failed: 僅完成部分的 ReadProcessMemory 或 WriteProcessMemory 要求。 (0x12B)
[1218/211445.701:WARNING:pe_image_reader.cc(340)] could not read dos header from C:\WINDOWS\SYSTEM32\apphelp.dll
[1218/211445.701:ERROR:process_memory_win.cc(73)] ReadMemory at 0x7fffae330000 of 64 bytes failed: 僅完成部分的 ReadProcessMemory 或 WriteProcessMemory 要求。 (0x12B)
[1218/211445.701:WARNING:pe_image_reader.cc(340)] could not read dos header from C:\Program Files (x86)\Google\Chrome\Application\87.0.4280.88\chrome_elf.dll
[1218/211445.701:ERROR:process_memory_win.cc(73)] ReadMemory at 0x7fffdbf10000 of 64 bytes failed: 僅完成部分的 ReadProcessMemory 或 WriteProcessMemory 要求。 (0x12B)
[1218/211445.701:WARNING:pe_image_reader.cc(340)] could not read dos header from C:\WINDOWS\SYSTEM32\VERSION.dll
[1218/211445.701:ERROR:process_memory_win.cc(73)] ReadMemory at 0x7fffee440000 of 64 bytes failed: 僅完成部分的 ReadProcessMemory 或 WriteProcessMemory 要求。 (0x12B)
[1218/211445.701:WARNING:pe_image_reader.cc(340)] could not read dos header from C:\WINDOWS\System32\msvcrt.dll
[1218/211445.701:ERROR:process_memory_win.cc(73)] ReadMemory at 0x7fffed630000 of 64 bytes failed: 僅完成部分的 ReadProcessMemory 或 WriteProcessMemory 要求。 (0x12B)
[1218/211445.701:WARNING:pe_image_reader.cc(340)] could not read dos header from C:\WINDOWS\System32\bcryptPrimitives.dll
[1218/211445.701:ERROR:process_memory_win.cc(73)] ReadMemory at 0x7fffee4e0000 of 64 bytes failed: 僅完成部分的 ReadProcessMemory 或 WriteProcessMemory 要求。 (0x12B)
[1218/211445.701:WARNING:pe_image_reader.cc(340)] could not read dos header from C:\WINDOWS\System32\ADVAPI32.dll
[1218/211445.701:ERROR:process_memory_win.cc(73)] ReadMemory at 0x7fffefd90000 of 64 bytes failed: 僅完成部分的 ReadProcessMemory 或 WriteProcessMemory 要求。 (0x12B)
[1218/211445.701:WARNING:pe_image_reader.cc(340)] could not read dos header from C:\WINDOWS\System32\sechost.dll
[1218/211445.701:ERROR:process_memory_win.cc(73)] ReadMemory at 0x7ffff00a0000 of 64 bytes failed: 僅完成部分的 ReadProcessMemory 或 WriteProcessMemory 要求。 (0x12B)
[1218/211445.701:WARNING:pe_image_reader.cc(340)] could not read dos header from C:\WINDOWS\System32\RPCRT4.dll
[1218/211445.701:ERROR:process_memory_win.cc(73)] ReadMemory at 0x7fff58e10000 of 64 bytes failed: 僅完成部分的 ReadProcessMemory 或 WriteProcessMemory 要求。 (0x12B)
[1218/211445.701:WARNING:pe_image_reader.cc(340)] could not read dos header from C:\Program Files (x86)\Google\Chrome\Application\87.0.4280.88\chrome.dll
[1218/211445.701:ERROR:process_memory_win.cc(73)] ReadMemory at 0x7fffefab0000 of 64 bytes failed: 僅完成部分的 ReadProcessMemory 或 WriteProcessMemory 要求。 (0x12B)
[1218/211445.701:WARNING:pe_image_reader.cc(340)] could not read dos header from C:\WINDOWS\System32\WS2_32.dll
[1218/211445.701:ERROR:process_memory_win.cc(73)] ReadMemory at 0x7fffef630000 of 64 bytes failed: 僅完成部分的 ReadProcessMemory 或 WriteProcessMemory 要求。 (0x12B)
[1218/211445.701:WARNING:pe_image_reader.cc(340)] could not read dos header from C:\WINDOWS\System32\OLEAUT32.dll
[1218/211445.701:ERROR:process_memory_win.cc(73)] ReadMemory at 0x7fffee1b0000 of 64 bytes failed: 僅完成部分的 ReadProcessMemory 或 WriteProcessMemory 要求。 (0x12B)
[1218/211445.701:WARNING:pe_image_reader.cc(340)] could not read dos header from C:\WINDOWS\System32\msvcp_win.dll
[1218/211445.701:ERROR:process_memory_win.cc(73)] ReadMemory at 0x7fffed310000 of 64 bytes failed: 僅完成部分的 ReadProcessMemory 或 WriteProcessMemory 要求。 (0x12B)
[1218/211445.701:WARNING:pe_image_reader.cc(340)] could not read dos header from C:\WINDOWS\System32\ucrtbase.dll
[1218/211445.701:ERROR:process_memory_win.cc(73)] ReadMemory at 0x7fffef700000 of 64 bytes failed: 僅完成部分的 ReadProcessMemory 或 WriteProcessMemory 要求。 (0x12B)
[1218/211445.701:WARNING:pe_image_reader.cc(340)] could not read dos header from C:\WINDOWS\System32\combase.dll
[1218/211445.705:ERROR:process_memory_win.cc(73)] ReadMemory at 0x7fffed5d0000 of 64 bytes failed: 僅完成部分的 ReadProcessMemory 或 WriteProcessMemory 要求。 (0x12B)
[1218/211445.705:WARNING:pe_image_reader.cc(340)] could not read dos header from C:\WINDOWS\System32\WINTRUST.dll
[1218/211445.705:ERROR:process_memory_win.cc(73)] ReadMemory at 0x7fffed0b0000 of 64 bytes failed: 僅完成部分的 ReadProcessMemory 或 WriteProcessMemory 要求。 (0x12B)
[1218/211445.705:WARNING:pe_image_reader.cc(340)] could not read dos header from C:\WINDOWS\System32\MSASN1.dll
[1218/211445.705:ERROR:process_memory_win.cc(73)] ReadMemory at 0x7fffed480000 of 64 bytes failed: 僅完成部分的 ReadProcessMemory 或 WriteProcessMemory 要求。 (0x12B)
[1218/211445.705:WARNING:pe_image_reader.cc(340)] could not read dos header from C:\WINDOWS\System32\CRYPT32.dll
[1218/211445.705:ERROR:process_memory_win.cc(73)] ReadMemory at 0x7fffeb920000 of 64 bytes failed: 僅完成部分的 ReadProcessMemory 或 WriteProcessMemory 要求。 (0x12B)
[1218/211445.705:WARNING:pe_image_reader.cc(340)] could not read dos header from C:\WINDOWS\SYSTEM32\dbghelp.dll
[1218/211445.705:ERROR:process_memory_win.cc(73)] ReadMemory at 0x7fffec600000 of 64 bytes failed: 僅完成部分的 ReadProcessMemory 或 WriteProcessMemory 要求。 (0x12B)
[1218/211445.705:WARNING:pe_image_reader.cc(340)] could not read dos header from C:\WINDOWS\SYSTEM32\IPHLPAPI.DLL
[1218/211445.705:ERROR:process_memory_win.cc(73)] ReadMemory at 0x7fffeaa70000 of 64 bytes failed: 僅完成部分的 ReadProcessMemory 或 WriteProcessMemory 要求。 (0x12B)
[1218/211445.705:WARNING:pe_image_reader.cc(340)] could not read dos header from C:\WINDOWS\SYSTEM32\WINMM.dll
[1218/211445.705:ERROR:process_memory_win.cc(73)] ReadMemory at 0x7fffb8830000 of 64 bytes failed: 僅完成部分的 ReadProcessMemory 或 WriteProcessMemory 要求。 (0x12B)
[1218/211445.705:WARNING:pe_image_reader.cc(340)] could not read dos header from C:\WINDOWS\SYSTEM32\UIAutomationCore.DLL
[1218/211445.705:ERROR:process_memory_win.cc(73)] ReadMemory at 0x7fffd3980000 of 64 bytes failed: 僅完成部分的 ReadProcessMemory 或 WriteProcessMemory 要求。 (0x12B)
[1218/211445.705:WARNING:pe_image_reader.cc(340)] could not read dos header from C:\WINDOWS\SYSTEM32\Secur32.dll
[1218/211445.705:ERROR:process_memory_win.cc(73)] ReadMemory at 0x7fffecf80000 of 64 bytes failed: 僅完成部分的 ReadProcessMemory 或 WriteProcessMemory 要求。 (0x12B)
[1218/211445.705:WARNING:pe_image_reader.cc(340)] could not read dos header from C:\WINDOWS\SYSTEM32\USERENV.dll
[1218/211445.705:ERROR:process_memory_win.cc(73)] ReadMemory at 0x7fffed140000 of 64 bytes failed: 僅完成部分的 ReadProcessMemory 或 WriteProcessMemory 要求。 (0x12B)
[1218/211445.706:WARNING:pe_image_reader.cc(340)] could not read dos header from C:\WINDOWS\System32\profapi.dll
[1218/211445.706:ERROR:process_memory_win.cc(73)] ReadMemory at 0x7fffdcde0000 of 64 bytes failed: 僅完成部分的 ReadProcessMemory 或 WriteProcessMemory 要求。 (0x12B)
[1218/211445.706:WARNING:pe_image_reader.cc(340)] could not read dos header from C:\WINDOWS\SYSTEM32\DWrite.dll
[1218/211445.706:ERROR:process_memory_win.cc(73)] ReadMemory at 0x7fffd7f20000 of 64 bytes failed: 僅完成部分的 ReadProcessMemory 或 WriteProcessMemory 要求。 (0x12B)
[1218/211445.706:WARNING:pe_image_reader.cc(340)] could not read dos header from C:\WINDOWS\SYSTEM32\WINSPOOL.DRV
[1218/211445.706:ERROR:process_memory_win.cc(73)] ReadMemory at 0x7fffed0d0000 of 64 bytes failed: 僅完成部分的 ReadProcessMemory 或 WriteProcessMemory 要求。 (0x12B)
[1218/211445.706:WARNING:pe_image_reader.cc(340)] could not read dos header from C:\WINDOWS\System32\kernel.appcore.dll
[1218/211445.706:ERROR:process_memory_win.cc(73)] ReadMemory at 0x7fffee250000 of 64 bytes failed: 僅完成部分的 ReadProcessMemory 或 WriteProcessMemory 要求。 (0x12B)
[1218/211445.706:WARNING:pe_image_reader.cc(340)] could not read dos header from C:\WINDOWS\System32\bcrypt.dll
[1218/211445.706:ERROR:process_memory_win.cc(73)] ReadMemory at 0x7fffe7190000 of 64 bytes failed: 僅完成部分的 ReadProcessMemory 或 WriteProcessMemory 要求。 (0x12B)
[1218/211445.706:WARNING:pe_image_reader.cc(340)] could not read dos header from C:\WINDOWS\SYSTEM32\WINHTTP.dll
[1218/211445.706:ERROR:process_memory_win.cc(73)] ReadMemory at 0x7fffdff70000 of 64 bytes failed: 僅完成部分的 ReadProcessMemory 或 WriteProcessMemory 要求。 (0x12B)
[1218/211445.706:WARNING:pe_image_reader.cc(340)] could not read dos header from C:\WINDOWS\SYSTEM32\dhcpcsvc.DLL
[1218/211445.706:ERROR:process_memory_win.cc(73)] ReadMemory at 0x7ffff0030000 of 64 bytes failed: 僅完成部分的 ReadProcessMemory 或 WriteProcessMemory 要求。 (0x12B)
[1218/211445.706:WARNING:pe_image_reader.cc(340)] could not read dos header from C:\WINDOWS\System32\NSI.dll
[1218/211445.706:ERROR:process_memory_win.cc(73)] ReadMemory at 0x7fffeaa40000 of 64 bytes failed: 僅完成部分的 ReadProcessMemory 或 WriteProcessMemory 要求。 (0x12B)
[1218/211445.706:WARNING:pe_image_reader.cc(340)] could not read dos header from C:\WINDOWS\SYSTEM32\WINMMBASE.dll
[1218/211445.706:ERROR:process_memory_win.cc(73)] ReadMemory at 0x7fffed410000 of 64 bytes failed: 僅完成部分的 ReadProcessMemory 或 WriteProcessMemory 要求。 (0x12B)
[1218/211445.706:WARNING:pe_image_reader.cc(340)] could not read dos header from C:\WINDOWS\System32\cfgmgr32.dll
[1218/211445.706:ERROR:process_memory_win.cc(73)] ReadMemory at 0x7fffebb50000 of 64 bytes failed: 僅完成部分的 ReadProcessMemory 或 WriteProcessMemory 要求。 (0x12B)
[1218/211445.706:WARNING:pe_image_reader.cc(340)] could not read dos header from C:\WINDOWS\SYSTEM32\PROPSYS.dll
[1218/211445.706:ERROR:process_memory_win.cc(73)] ReadMemory at 0x7fffeed00000 of 64 bytes failed: 僅完成部分的 ReadProcessMemory 或 WriteProcessMemory 要求。 (0x12B)
[1218/211445.706:WARNING:pe_image_reader.cc(340)] could not read dos header from C:\WINDOWS\System32\shcore.dll
[1218/211445.706:ERROR:process_memory_win.cc(73)] ReadMemory at 0x7fffecfb0000 of 64 bytes failed: 僅完成部分的 ReadProcessMemory 或 WriteProcessMemory 要求。 (0x12B)
[1218/211445.706:WARNING:pe_image_reader.cc(340)] could not read dos header from C:\WINDOWS\SYSTEM32\SSPICLI.DLL
[1218/211445.706:ERROR:process_memory_win.cc(73)] ReadMemory at 0x7fffecac0000 of 64 bytes failed: 僅完成部分的 ReadProcessMemory 或 WriteProcessMemory 要求。 (0x12B)
[1218/211445.706:WARNING:pe_image_reader.cc(340)] could not read dos header from C:\WINDOWS\SYSTEM32\CRYPTBASE.DLL
[1218/211445.714:ERROR:process_memory_win.cc(73)] ReadMemory at 0x7ff7aeda0000 of 64 bytes failed: 僅完成部分的 ReadProcessMemory 或 WriteProcessMemory 要求。 (0x12B)
[1218/211445.714:WARNING:pe_image_reader.cc(340)] could not read dos header from C:\Program Files (x86)\Google\Chrome\Application\chrome.exe
[1218/211445.714:ERROR:process_memory_win.cc(73)] ReadMemory at 0x7ffff0200000 of 64 bytes failed: 僅完成部分的 ReadProcessMemory 或 WriteProcessMemory 要求。 (0x12B)
[1218/211445.714:WARNING:pe_image_reader.cc(340)] could not read dos header from C:\WINDOWS\SYSTEM32\ntdll.dll
[1218/211445.714:ERROR:process_memory_win.cc(73)] ReadMemory at 0x7fffee2b0000 of 64 bytes failed: 僅完成部分的 ReadProcessMemory 或 WriteProcessMemory 要求。 (0x12B)
[1218/211445.714:WARNING:pe_image_reader.cc(340)] could not read dos header from C:\WINDOWS\System32\KERNEL32.DLL
[1218/211445.714:ERROR:process_memory_win.cc(73)] ReadMemory at 0x7fffed6c0000 of 64 bytes failed: 僅完成部分的 ReadProcessMemory 或 WriteProcessMemory 要求。 (0x12B)
[1218/211445.714:WARNING:pe_image_reader.cc(340)] could not read dos header from C:\WINDOWS\System32\KERNELBASE.dll
[1218/211445.714:ERROR:process_memory_win.cc(73)] ReadMemory at 0x7fffeacc0000 of 64 bytes failed: 僅完成部分的 ReadProcessMemory 或 WriteProcessMemory 要求。 (0x12B)
[1218/211445.714:WARNING:pe_image_reader.cc(340)] could not read dos header from C:\WINDOWS\SYSTEM32\apphelp.dll
[1218/211445.714:ERROR:process_memory_win.cc(73)] ReadMemory at 0x7fffae330000 of 64 bytes failed: 僅完成部分的 ReadProcessMemory 或 WriteProcessMemory 要求。 (0x12B)
[1218/211445.714:WARNING:pe_image_reader.cc(340)] could not read dos header from C:\Program Files (x86)\Google\Chrome\Application\87.0.4280.88\chrome_elf.dll
[1218/211445.714:ERROR:process_memory_win.cc(73)] ReadMemory at 0x7fffdbf10000 of 64 bytes failed: 僅完成部分的 ReadProcessMemory 或 WriteProcessMemory 要求。 (0x12B)
[1218/211445.714:WARNING:pe_image_reader.cc(340)] could not read dos header from C:\WINDOWS\SYSTEM32\VERSION.dll
[1218/211445.714:ERROR:process_memory_win.cc(73)] ReadMemory at 0x7fffee440000 of 64 bytes failed: 僅完成部分的 ReadProcessMemory 或 WriteProcessMemory 要求。 (0x12B)
[1218/211445.714:WARNING:pe_image_reader.cc(340)] could not read dos header from C:\WINDOWS\System32\msvcrt.dll
[1218/211445.714:ERROR:process_memory_win.cc(73)] ReadMemory at 0x7fffed630000 of 64 bytes failed: 僅完成部分的 ReadProcessMemory 或 WriteProcessMemory 要求。 (0x12B)
[1218/211445.714:WARNING:pe_image_reader.cc(340)] could not read dos header from C:\WINDOWS\System32\bcryptPrimitives.dll
[1218/211445.714:ERROR:process_memory_win.cc(73)] ReadMemory at 0x7fffee4e0000 of 64 bytes failed: 僅完成部分的 ReadProcessMemory 或 WriteProcessMemory 要求。 (0x12B)
[1218/211445.714:WARNING:pe_image_reader.cc(340)] could not read dos header from C:\WINDOWS\System32\ADVAPI32.dll
[1218/211445.714:ERROR:process_memory_win.cc(73)] ReadMemory at 0x7fffefd90000 of 64 bytes failed: 僅完成部分的 ReadProcessMemory 或 WriteProcessMemory 要求。 (0x12B)
[1218/211445.714:WARNING:pe_image_reader.cc(340)] could not read dos header from C:\WINDOWS\System32\sechost.dll
[1218/211445.714:ERROR:process_memory_win.cc(73)] ReadMemory at 0x7ffff00a0000 of 64 bytes failed: 僅完成部分的 ReadProcessMemory 或 WriteProcessMemory 要求。 (0x12B)
[1218/211445.714:WARNING:pe_image_reader.cc(340)] could not read dos header from C:\WINDOWS\System32\RPCRT4.dll
[1218/211445.714:ERROR:process_memory_win.cc(73)] ReadMemory at 0x7fff58e10000 of 64 bytes failed: 僅完成部分的 ReadProcessMemory 或 WriteProcessMemory 要求。 (0x12B)
[1218/211445.714:WARNING:pe_image_reader.cc(340)] could not read dos header from C:\Program Files (x86)\Google\Chrome\Application\87.0.4280.88\chrome.dll
[1218/211445.714:ERROR:process_memory_win.cc(73)] ReadMemory at 0x7fffefab0000 of 64 bytes failed: 僅完成部分的 ReadProcessMemory 或 WriteProcessMemory 要求。 (0x12B)
[1218/211445.714:WARNING:pe_image_reader.cc(340)] could not read dos header from C:\WINDOWS\System32\WS2_32.dll
[1218/211445.714:ERROR:process_memory_win.cc(73)] ReadMemory at 0x7fffef630000 of 64 bytes failed: 僅完成部分的 ReadProcessMemory 或 WriteProcessMemory 要求。 (0x12B)
[1218/211445.714:WARNING:pe_image_reader.cc(340)] could not read dos header from C:\WINDOWS\System32\OLEAUT32.dll
[1218/211445.714:ERROR:process_memory_win.cc(73)] ReadMemory at 0x7fffee1b0000 of 64 bytes failed: 僅完成部分的 ReadProcessMemory 或 WriteProcessMemory 要求。 (0x12B)
[1218/211445.714:WARNING:pe_image_reader.cc(340)] could not read dos header from C:\WINDOWS\System32\msvcp_win.dll
[1218/211445.714:ERROR:process_memory_win.cc(73)] ReadMemory at 0x7fffed310000 of 64 bytes failed: 僅完成部分的 ReadProcessMemory 或 WriteProcessMemory 要求。 (0x12B)
[1218/211445.714:WARNING:pe_image_reader.cc(340)] could not read dos header from C:\WINDOWS\System32\ucrtbase.dll
[1218/211445.714:ERROR:process_memory_win.cc(73)] ReadMemory at 0x7fffef700000 of 64 bytes failed: 僅完成部分的 ReadProcessMemory 或 WriteProcessMemory 要求。 (0x12B)
[1218/211445.714:WARNING:pe_image_reader.cc(340)] could not read dos header from C:\WINDOWS\System32\combase.dll
[1218/211445.714:ERROR:process_memory_win.cc(73)] ReadMemory at 0x7fffed5d0000 of 64 bytes failed: 僅完成部分的 ReadProcessMemory 或 WriteProcessMemory 要求。 (0x12B)
[1218/211445.714:WARNING:pe_image_reader.cc(340)] could not read dos header from C:\WINDOWS\System32\WINTRUST.dll
[1218/211445.714:ERROR:process_memory_win.cc(73)] ReadMemory at 0x7fffed0b0000 of 64 bytes failed: 僅完成部分的 ReadProcessMemory 或 WriteProcessMemory 要求。 (0x12B)
[1218/211445.714:WARNING:pe_image_reader.cc(340)] could not read dos header from C:\WINDOWS\System32\MSASN1.dll
[1218/211445.714:ERROR:process_memory_win.cc(73)] ReadMemory at 0x7fffed480000 of 64 bytes failed: 僅完成部分的 ReadProcessMemory 或 WriteProcessMemory 要求。 (0x12B)
[1218/211445.714:WARNING:pe_image_reader.cc(340)] could not read dos header from C:\WINDOWS\System32\CRYPT32.dll
[1218/211445.714:ERROR:process_memory_win.cc(73)] ReadMemory at 0x7fffeb920000 of 64 bytes failed: 僅完成部分的 ReadProcessMemory 或 WriteProcessMemory 要求。 (0x12B)
[1218/211445.714:WARNING:pe_image_reader.cc(340)] could not read dos header from C:\WINDOWS\SYSTEM32\dbghelp.dll
[1218/211445.714:ERROR:process_memory_win.cc(73)] ReadMemory at 0x7fffec600000 of 64 bytes failed: 僅完成部分的 ReadProcessMemory 或 WriteProcessMemory 要求。 (0x12B)
[1218/211445.714:WARNING:pe_image_reader.cc(340)] could not read dos header from C:\WINDOWS\SYSTEM32\IPHLPAPI.DLL
[1218/211445.714:ERROR:process_memory_win.cc(73)] ReadMemory at 0x7fffeaa70000 of 64 bytes failed: 僅完成部分的 ReadProcessMemory 或 WriteProcessMemory 要求。 (0x12B)
[1218/211445.714:WARNING:pe_image_reader.cc(340)] could not read dos header from C:\WINDOWS\SYSTEM32\WINMM.dll
[1218/211445.714:ERROR:process_memory_win.cc(73)] ReadMemory at 0x7fffb8830000 of 64 bytes failed: 僅完成部分的 ReadProcessMemory 或 WriteProcessMemory 要求。 (0x12B)
[1218/211445.714:WARNING:pe_image_reader.cc(340)] could not read dos header from C:\WINDOWS\SYSTEM32\UIAutomationCore.DLL
[1218/211445.714:ERROR:process_memory_win.cc(73)] ReadMemory at 0x7fffd3980000 of 64 bytes failed: 僅完成部分的 ReadProcessMemory 或 WriteProcessMemory 要求。 (0x12B)
[1218/211445.714:WARNING:pe_image_reader.cc(340)] could not read dos header from C:\WINDOWS\SYSTEM32\Secur32.dll
[1218/211445.714:ERROR:process_memory_win.cc(73)] ReadMemory at 0x7fffecf80000 of 64 bytes failed: 僅完成部分的 ReadProcessMemory 或 WriteProcessMemory 要求。 (0x12B)
[1218/211445.714:WARNING:pe_image_reader.cc(340)] could not read dos header from C:\WINDOWS\SYSTEM32\USERENV.dll
[1218/211445.714:ERROR:process_memory_win.cc(73)] ReadMemory at 0x7fffed140000 of 64 bytes failed: 僅完成部分的 ReadProcessMemory 或 WriteProcessMemory 要求。 (0x12B)
[1218/211445.714:WARNING:pe_image_reader.cc(340)] could not read dos header from C:\WINDOWS\System32\profapi.dll
[1218/211445.714:ERROR:process_memory_win.cc(73)] ReadMemory at 0x7fffdcde0000 of 64 bytes failed: 僅完成部分的 ReadProcessMemory 或 WriteProcessMemory 要求。 (0x12B)
[1218/211445.714:WARNING:pe_image_reader.cc(340)] could not read dos header from C:\WINDOWS\SYSTEM32\DWrite.dll
[1218/211445.714:ERROR:process_memory_win.cc(73)] ReadMemory at 0x7fffd7f20000 of 64 bytes failed: 僅完成部分的 ReadProcessMemory 或 WriteProcessMemory 要求。 (0x12B)
[1218/211445.714:WARNING:pe_image_reader.cc(340)] could not read dos header from C:\WINDOWS\SYSTEM32\WINSPOOL.DRV
[1218/211445.714:ERROR:process_memory_win.cc(73)] ReadMemory at 0x7fffed0d0000 of 64 bytes failed: 僅完成部分的 ReadProcessMemory 或 WriteProcessMemory 要求。 (0x12B)
[1218/211445.714:WARNING:pe_image_reader.cc(340)] could not read dos header from C:\WINDOWS\System32\kernel.appcore.dll
[1218/211445.714:ERROR:process_memory_win.cc(73)] ReadMemory at 0x7fffee250000 of 64 bytes failed: 僅完成部分的 ReadProcessMemory 或 WriteProcessMemory 要求。 (0x12B)
[1218/211445.714:WARNING:pe_image_reader.cc(340)] could not read dos header from C:\WINDOWS\System32\bcrypt.dll
[1218/211445.714:ERROR:process_memory_win.cc(73)] ReadMemory at 0x7fffe7190000 of 64 bytes failed: 僅完成部分的 ReadProcessMemory 或 WriteProcessMemory 要求。 (0x12B)
[1218/211445.714:WARNING:pe_image_reader.cc(340)] could not read dos header from C:\WINDOWS\SYSTEM32\WINHTTP.dll
[1218/211445.714:ERROR:process_memory_win.cc(73)] ReadMemory at 0x7fffdff70000 of 64 bytes failed: 僅完成部分的 ReadProcessMemory 或 WriteProcessMemory 要求。 (0x12B)
[1218/211445.714:WARNING:pe_image_reader.cc(340)] could not read dos header from C:\WINDOWS\SYSTEM32\dhcpcsvc.DLL
[1218/211445.714:ERROR:process_memory_win.cc(73)] ReadMemory at 0x7ffff0030000 of 64 bytes failed: 僅完成部分的 ReadProcessMemory 或 WriteProcessMemory 要求。 (0x12B)
[1218/211445.714:WARNING:pe_image_reader.cc(340)] could not read dos header from C:\WINDOWS\System32\NSI.dll
[1218/211445.714:ERROR:process_memory_win.cc(73)] ReadMemory at 0x7fffeaa40000 of 64 bytes failed: 僅完成部分的 ReadProcessMemory 或 WriteProcessMemory 要求。 (0x12B)
[1218/211445.714:WARNING:pe_image_reader.cc(340)] could not read dos header from C:\WINDOWS\SYSTEM32\WINMMBASE.dll
[1218/211445.714:ERROR:process_memory_win.cc(73)] ReadMemory at 0x7fffed410000 of 64 bytes failed: 僅完成部分的 ReadProcessMemory 或 WriteProcessMemory 要求。 (0x12B)
[1218/211445.714:WARNING:pe_image_reader.cc(340)] could not read dos header from C:\WINDOWS\System32\cfgmgr32.dll
[1218/211445.714:ERROR:process_memory_win.cc(73)] ReadMemory at 0x7fffebb50000 of 64 bytes failed: 僅完成部分的 ReadProcessMemory 或 WriteProcessMemory 要求。 (0x12B)
[1218/211445.714:WARNING:pe_image_reader.cc(340)] could not read dos header from C:\WINDOWS\SYSTEM32\PROPSYS.dll
[1218/211445.714:ERROR:process_memory_win.cc(73)] ReadMemory at 0x7fffeed00000 of 64 bytes failed: 僅完成部分的 ReadProcessMemory 或 WriteProcessMemory 要求。 (0x12B)
[1218/211445.714:WARNING:pe_image_reader.cc(340)] could not read dos header from C:\WINDOWS\System32\shcore.dll
[1218/211445.714:ERROR:process_memory_win.cc(73)] ReadMemory at 0x7fffecfb0000 of 64 bytes failed: 僅完成部分的 ReadProcessMemory 或 WriteProcessMemory 要求。 (0x12B)
[1218/211445.714:WARNING:pe_image_reader.cc(340)] could not read dos header from C:\WINDOWS\SYSTEM32\SSPICLI.DLL
[1218/211445.714:ERROR:process_memory_win.cc(73)] ReadMemory at 0x7fffecac0000 of 64 bytes failed: 僅完成部分的 ReadProcessMemory 或 WriteProcessMemory 要求。 (0x12B)
[1218/211445.714:WARNING:pe_image_reader.cc(340)] could not read dos header from C:\WINDOWS\SYSTEM32\CRYPTBASE.DLL
[1218/211445.714:ERROR:process_memory_win.cc(73)] ReadMemory at 0x7ff7aeda0000 of 64 bytes failed: 僅完成部分的 ReadProcessMemory 或 WriteProcessMemory 要求。 (0x12B)
[1218/211445.714:WARNING:pe_image_reader.cc(340)] could not read dos header from C:\Program Files (x86)\Google\Chrome\Application\chrome.exe
[1218/211445.714:ERROR:process_memory_win.cc(73)] ReadMemory at 0x7ffff0200000 of 64 bytes failed: 僅完成部分的 ReadProcessMemory 或 WriteProcessMemory 要求。 (0x12B)
[1218/211445.714:WARNING:pe_image_reader.cc(340)] could not read dos header from C:\WINDOWS\SYSTEM32\ntdll.dll
[1218/211445.714:ERROR:process_memory_win.cc(73)] ReadMemory at 0x7fffee2b0000 of 64 bytes failed: 僅完成部分的 ReadProcessMemory 或 WriteProcessMemory 要求。 (0x12B)
[1218/211445.714:WARNING:pe_image_reader.cc(340)] could not read dos header from C:\WINDOWS\System32\KERNEL32.DLL
[1218/211445.714:ERROR:process_memory_win.cc(73)] ReadMemory at 0x7fffed6c0000 of 64 bytes failed: 僅完成部分的 ReadProcessMemory 或 WriteProcessMemory 要求。 (0x12B)
[1218/211445.714:WARNING:pe_image_reader.cc(340)] could not read dos header from C:\WINDOWS\System32\KERNELBASE.dll
[1218/211445.714:ERROR:process_memory_win.cc(73)] ReadMemory at 0x7fffeacc0000 of 64 bytes failed: 僅完成部分的 ReadProcessMemory 或 WriteProcessMemory 要求。 (0x12B)
[1218/211445.714:WARNING:pe_image_reader.cc(340)] could not read dos header from C:\WINDOWS\SYSTEM32\apphelp.dll
[1218/211445.714:ERROR:process_memory_win.cc(73)] ReadMemory at 0x7fffae330000 of 64 bytes failed: 僅完成部分的 ReadProcessMemory 或 WriteProcessMemory 要求。 (0x12B)
[1218/211445.714:WARNING:pe_image_reader.cc(340)] could not read dos header from C:\Program Files (x86)\Google\Chrome\Application\87.0.4280.88\chrome_elf.dll
[1218/211445.714:ERROR:process_memory_win.cc(73)] ReadMemory at 0x7fffdbf10000 of 64 bytes failed: 僅完成部分的 ReadProcessMemory 或 WriteProcessMemory 要求。 (0x12B)
[1218/211445.714:WARNING:pe_image_reader.cc(340)] could not read dos header from C:\WINDOWS\SYSTEM32\VERSION.dll
[1218/211445.714:ERROR:process_memory_win.cc(73)] ReadMemory at 0x7fffee440000 of 64 bytes failed: 僅完成部分的 ReadProcessMemory 或 WriteProcessMemory 要求。 (0x12B)
[1218/211445.714:WARNING:pe_image_reader.cc(340)] could not read dos header from C:\WINDOWS\System32\msvcrt.dll
[1218/211445.714:ERROR:process_memory_win.cc(73)] ReadMemory at 0x7fffed630000 of 64 bytes failed: 僅完成部分的 ReadProcessMemory 或 WriteProcessMemory 要求。 (0x12B)
[1218/211445.714:WARNING:pe_image_reader.cc(340)] could not read dos header from C:\WINDOWS\System32\bcryptPrimitives.dll
[1218/211445.714:ERROR:process_memory_win.cc(73)] ReadMemory at 0x7fffee4e0000 of 64 bytes failed: 僅完成部分的 ReadProcessMemory 或 WriteProcessMemory 要求。 (0x12B)
[1218/211445.714:WARNING:pe_image_reader.cc(340)] could not read dos header from C:\WINDOWS\System32\ADVAPI32.dll
[1218/211445.714:ERROR:process_memory_win.cc(73)] ReadMemory at 0x7fffefd90000 of 64 bytes failed: 僅完成部分的 ReadProcessMemory 或 WriteProcessMemory 要求。 (0x12B)
[1218/211445.714:WARNING:pe_image_reader.cc(340)] could not read dos header from C:\WINDOWS\System32\sechost.dll
[1218/211445.714:ERROR:process_memory_win.cc(73)] ReadMemory at 0x7ffff00a0000 of 64 bytes failed: 僅完成部分的 ReadProcessMemory 或 WriteProcessMemory 要求。 (0x12B)
[1218/211445.714:WARNING:pe_image_reader.cc(340)] could not read dos header from C:\WINDOWS\System32\RPCRT4.dll
[1218/211445.714:ERROR:process_memory_win.cc(73)] ReadMemory at 0x7fff58e10000 of 64 bytes failed: 僅完成部分的 ReadProcessMemory 或 WriteProcessMemory 要求。 (0x12B)
[1218/211445.714:WARNING:pe_image_reader.cc(340)] could not read dos header from C:\Program Files (x86)\Google\Chrome\Application\87.0.4280.88\chrome.dll
[1218/211445.714:ERROR:process_memory_win.cc(73)] ReadMemory at 0x7fffefab0000 of 64 bytes failed: 僅完成部分的 ReadProcessMemory 或 WriteProcessMemory 要求。 (0x12B)
[1218/211445.714:WARNING:pe_image_reader.cc(340)] could not read dos header from C:\WINDOWS\System32\WS2_32.dll
[1218/211445.714:ERROR:process_memory_win.cc(73)] ReadMemory at 0x7fffef630000 of 64 bytes failed: 僅完成部分的 ReadProcessMemory 或 WriteProcessMemory 要求。 (0x12B)
[1218/211445.714:WARNING:pe_image_reader.cc(340)] could not read dos header from C:\WINDOWS\System32\OLEAUT32.dll
[1218/211445.714:ERROR:process_memory_win.cc(73)] ReadMemory at 0x7fffee1b0000 of 64 bytes failed: 僅完成部分的 ReadProcessMemory 或 WriteProcessMemory 要求。 (0x12B)
[1218/211445.714:WARNING:pe_image_reader.cc(340)] could not read dos header from C:\WINDOWS\System32\msvcp_win.dll
[1218/211445.714:ERROR:process_memory_win.cc(73)] ReadMemory at 0x7fffed310000 of 64 bytes failed: 僅完成部分的 ReadProcessMemory 或 WriteProcessMemory 要求。 (0x12B)
[1218/211445.714:WARNING:pe_image_reader.cc(340)] could not read dos header from C:\WINDOWS\System32\ucrtbase.dll
[1218/211445.714:ERROR:process_memory_win.cc(73)] ReadMemory at 0x7fffef700000 of 64 bytes failed: 僅完成部分的 ReadProcessMemory 或 WriteProcessMemory 要求。 (0x12B)
[1218/211445.714:WARNING:pe_image_reader.cc(340)] could not read dos header from C:\WINDOWS\System32\combase.dll
[1218/211445.714:ERROR:process_memory_win.cc(73)] ReadMemory at 0x7fffed5d0000 of 64 bytes failed: 僅完成部分的 ReadProcessMemory 或 WriteProcessMemory 要求。 (0x12B)
[1218/211445.714:WARNING:pe_image_reader.cc(340)] could not read dos header from C:\WINDOWS\System32\WINTRUST.dll
[1218/211445.714:ERROR:process_memory_win.cc(73)] ReadMemory at 0x7fffed0b0000 of 64 bytes failed: 僅完成部分的 ReadProcessMemory 或 WriteProcessMemory 要求。 (0x12B)
[1218/211445.714:WARNING:pe_image_reader.cc(340)] could not read dos header from C:\WINDOWS\System32\MSASN1.dll
[1218/211445.714:ERROR:process_memory_win.cc(73)] ReadMemory at 0x7fffed480000 of 64 bytes failed: 僅完成部分的 ReadProcessMemory 或 WriteProcessMemory 要求。 (0x12B)
[1218/211445.714:WARNING:pe_image_reader.cc(340)] could not read dos header from C:\WINDOWS\System32\CRYPT32.dll
[1218/211445.714:ERROR:process_memory_win.cc(73)] ReadMemory at 0x7fffeb920000 of 64 bytes failed: 僅完成部分的 ReadProcessMemory 或 WriteProcessMemory 要求。 (0x12B)
[1218/211445.714:WARNING:pe_image_reader.cc(340)] could not read dos header from C:\WINDOWS\SYSTEM32\dbghelp.dll
[1218/211445.714:ERROR:process_memory_win.cc(73)] ReadMemory at 0x7fffec600000 of 64 bytes failed: 僅完成部分的 ReadProcessMemory 或 WriteProcessMemory 要求。 (0x12B)
[1218/211445.714:WARNING:pe_image_reader.cc(340)] could not read dos header from C:\WINDOWS\SYSTEM32\IPHLPAPI.DLL
[1218/211445.714:ERROR:process_memory_win.cc(73)] ReadMemory at 0x7fffeaa70000 of 64 bytes failed: 僅完成部分的 ReadProcessMemory 或 WriteProcessMemory 要求。 (0x12B)
[1218/211445.714:WARNING:pe_image_reader.cc(340)] could not read dos header from C:\WINDOWS\SYSTEM32\WINMM.dll
[1218/211445.714:ERROR:process_memory_win.cc(73)] ReadMemory at 0x7fffb8830000 of 64 bytes failed: 僅完成部分的 ReadProcessMemory 或 WriteProcessMemory 要求。 (0x12B)
[1218/211445.714:WARNING:pe_image_reader.cc(340)] could not read dos header from C:\WINDOWS\SYSTEM32\UIAutomationCore.DLL
[1218/211445.714:ERROR:process_memory_win.cc(73)] ReadMemory at 0x7fffd3980000 of 64 bytes failed: 僅完成部分的 ReadProcessMemory 或 WriteProcessMemory 要求。 (0x12B)
[1218/211445.714:WARNING:pe_image_reader.cc(340)] could not read dos header from C:\WINDOWS\SYSTEM32\Secur32.dll
[1218/211445.714:ERROR:process_memory_win.cc(73)] ReadMemory at 0x7fffecf80000 of 64 bytes failed: 僅完成部分的 ReadProcessMemory 或 WriteProcessMemory 要求。 (0x12B)
[1218/211445.714:WARNING:pe_image_reader.cc(340)] could not read dos header from C:\WINDOWS\SYSTEM32\USERENV.dll
[1218/211445.714:ERROR:process_memory_win.cc(73)] ReadMemory at 0x7fffed140000 of 64 bytes failed: 僅完成部分的 ReadProcessMemory 或 WriteProcessMemory 要求。 (0x12B)
[1218/211445.714:WARNING:pe_image_reader.cc(340)] could not read dos header from C:\WINDOWS\System32\profapi.dll
[1218/211445.714:ERROR:process_memory_win.cc(73)] ReadMemory at 0x7fffdcde0000 of 64 bytes failed: 僅完成部分的 ReadProcessMemory 或 WriteProcessMemory 要求。 (0x12B)
[1218/211445.714:WARNING:pe_image_reader.cc(340)] could not read dos header from C:\WINDOWS\SYSTEM32\DWrite.dll
[1218/211445.714:ERROR:process_memory_win.cc(73)] ReadMemory at 0x7fffd7f20000 of 64 bytes failed: 僅完成部分的 ReadProcessMemory 或 WriteProcessMemory 要求。 (0x12B)
[1218/211445.714:WARNING:pe_image_reader.cc(340)] could not read dos header from C:\WINDOWS\SYSTEM32\WINSPOOL.DRV
[1218/211445.722:ERROR:process_memory_win.cc(73)] ReadMemory at 0x7fffed0d0000 of 64 bytes failed: 僅完成部分的 ReadProcessMemory 或 WriteProcessMemory 要求。 (0x12B)
[1218/211445.723:WARNING:pe_image_reader.cc(340)] could not read dos header from C:\WINDOWS\System32\kernel.appcore.dll
[1218/211445.724:ERROR:process_memory_win.cc(73)] ReadMemory at 0x7fffee250000 of 64 bytes failed: 僅完成部分的 ReadProcessMemory 或 WriteProcessMemory 要求。 (0x12B)
[1218/211445.724:WARNING:pe_image_reader.cc(340)] could not read dos header from C:\WINDOWS\System32\bcrypt.dll
[1218/211445.724:ERROR:process_memory_win.cc(73)] ReadMemory at 0x7fffe7190000 of 64 bytes failed: 僅完成部分的 ReadProcessMemory 或 WriteProcessMemory 要求。 (0x12B)
[1218/211445.724:WARNING:pe_image_reader.cc(340)] could not read dos header from C:\WINDOWS\SYSTEM32\WINHTTP.dll
[1218/211445.724:ERROR:process_memory_win.cc(73)] ReadMemory at 0x7fffdff70000 of 64 bytes failed: 僅完成部分的 ReadProcessMemory 或 WriteProcessMemory 要求。 (0x12B)
[1218/211445.724:WARNING:pe_image_reader.cc(340)] could not read dos header from C:\WINDOWS\SYSTEM32\dhcpcsvc.DLL
[1218/211445.724:ERROR:process_memory_win.cc(73)] ReadMemory at 0x7ffff0030000 of 64 bytes failed: 僅完成部分的 ReadProcessMemory 或 WriteProcessMemory 要求。 (0x12B)
[1218/211445.724:WARNING:pe_image_reader.cc(340)] could not read dos header from C:\WINDOWS\System32\NSI.dll
[1218/211445.724:ERROR:process_memory_win.cc(73)] ReadMemory at 0x7fffeaa40000 of 64 bytes failed: 僅完成部分的 ReadProcessMemory 或 WriteProcessMemory 要求。 (0x12B)
[1218/211445.724:WARNING:pe_image_reader.cc(340)] could not read dos header from C:\WINDOWS\SYSTEM32\WINMMBASE.dll
[1218/211445.724:ERROR:process_memory_win.cc(73)] ReadMemory at 0x7fffed410000 of 64 bytes failed: 僅完成部分的 ReadProcessMemory 或 WriteProcessMemory 要求。 (0x12B)
[1218/211445.724:WARNING:pe_image_reader.cc(340)] could not read dos header from C:\WINDOWS\System32\cfgmgr32.dll
[1218/211445.724:ERROR:process_memory_win.cc(73)] ReadMemory at 0x7fffebb50000 of 64 bytes failed: 僅完成部分的 ReadProcessMemory 或 WriteProcessMemory 要求。 (0x12B)
[1218/211445.724:WARNING:pe_image_reader.cc(340)] could not read dos header from C:\WINDOWS\SYSTEM32\PROPSYS.dll
[1218/211445.724:ERROR:process_memory_win.cc(73)] ReadMemory at 0x7fffeed00000 of 64 bytes failed: 僅完成部分的 ReadProcessMemory 或 WriteProcessMemory 要求。 (0x12B)
[1218/211445.724:WARNING:pe_image_reader.cc(340)] could not read dos header from C:\WINDOWS\System32\shcore.dll
[1218/211445.724:ERROR:process_memory_win.cc(73)] ReadMemory at 0x7fffecfb0000 of 64 bytes failed: 僅完成部分的 ReadProcessMemory 或 WriteProcessMemory 要求。 (0x12B)
[1218/211445.724:WARNING:pe_image_reader.cc(340)] could not read dos header from C:\WINDOWS\SYSTEM32\SSPICLI.DLL
[1218/211445.724:ERROR:process_memory_win.cc(73)] ReadMemory at 0x7fffecac0000 of 64 bytes failed: 僅完成部分的 ReadProcessMemory 或 WriteProcessMemory 要求。 (0x12B)
[1218/211445.724:WARNING:pe_image_reader.cc(340)] could not read dos header from C:\WINDOWS\SYSTEM32\CRYPTBASE.DLL
[1218/211445.731:ERROR:process_memory_win.cc(73)] ReadMemory at 0xc40c1f8000 of 32768 bytes failed: 僅完成部分的 ReadProcessMemory 或 WriteProcessMemory 要求。 (0x12B)
[1218/211445.731:ERROR:process_memory_win.cc(73)] ReadMemory at 0xc40c9fe000 of 8192 bytes failed: 僅完成部分的 ReadProcessMemory 或 WriteProcessMemory 要求。 (0x12B)
[1218/211445.731:ERROR:process_memory_win.cc(73)] ReadMemory at 0xc40d1fe000 of 8192 bytes failed: 僅完成部分的 ReadProcessMemory 或 WriteProcessMemory 要求。 (0x12B)
[1218/211445.731:ERROR:process_memory_win.cc(73)] ReadMemory at 0xc40d9fe000 of 8192 bytes failed: 僅完成部分的 ReadProcessMemory 或 WriteProcessMemory 要求。 (0x12B)
[1218/211445.731:ERROR:process_memory_win.cc(73)] ReadMemory at 0xc40e1fd000 of 12288 bytes failed: 僅完成部分的 ReadProcessMemory 或 WriteProcessMemory 要求。 (0x12B)
[1218/211445.739:ERROR:process_memory_win.cc(73)] ReadMemory at 0xc40e9fe000 of 8192 bytes failed: 僅完成部分的 ReadProcessMemory 或 WriteProcessMemory 要求。 (0x12B)
[1218/211445.739:ERROR:process_memory_win.cc(73)] ReadMemory at 0xc40f1fe000 of 8192 bytes failed: 僅完成部分的 ReadProcessMemory 或 WriteProcessMemory 要求。 (0x12B)
[1218/211445.739:ERROR:process_memory_win.cc(73)] ReadMemory at 0xc40f9fe000 of 8192 bytes failed: 僅完成部分的 ReadProcessMemory 或 WriteProcessMemory 要求。 (0x12B)
[1218/211445.739:ERROR:process_memory_win.cc(73)] ReadMemory at 0xc4101fd000 of 12288 bytes failed: 僅完成部分的 ReadProcessMemory 或 WriteProcessMemory 要求。 (0x12B)
[1218/211445.739:ERROR:process_memory_win.cc(73)] ReadMemory at 0xc4109fe000 of 8192 bytes failed: 僅完成部分的 ReadProcessMemory 或 WriteProcessMemory 要求。 (0x12B)
[1218/211445.739:ERROR:process_memory_win.cc(73)] ReadMemory at 0xc4111fe000 of 8192 bytes failed: 僅完成部分的 ReadProcessMemory 或 WriteProcessMemory 要求。 (0x12B)
[1218/211445.739:ERROR:process_memory_win.cc(73)] ReadMemory at 0xc4119fe000 of 8192 bytes failed: 僅完成部分的 ReadProcessMemory 或 WriteProcessMemory 要求。 (0x12B)
[1218/211445.739:ERROR:process_memory_win.cc(73)] ReadMemory at 0xc4121fe000 of 8192 bytes failed: 僅完成部分的 ReadProcessMemory 或 WriteProcessMemory 要求。 (0x12B)
[1218/211445.739:ERROR:process_memory_win.cc(73)] ReadMemory at 0xc4129fe000 of 8192 bytes failed: 僅完成部分的 ReadProcessMemory 或 WriteProcessMemory 要求。 (0x12B)
[1218/211445.739:ERROR:process_memory_win.cc(73)] ReadMemory at 0xc40b8ff000 of 852 bytes failed: 僅完成部分的 ReadProcessMemory 或 WriteProcessMemory 要求。 (0x12B)
[1218/211445.739:ERROR:process_memory_win.cc(73)] ReadMemory at 0xc40b900000 of 6024 bytes failed: 僅完成部分的 ReadProcessMemory 或 WriteProcessMemory 要求。 (0x12B)
[1218/211445.739:ERROR:process_memory_win.cc(73)] ReadMemory at 0xc40b902000 of 6024 bytes failed: 僅完成部分的 ReadProcessMemory 或 WriteProcessMemory 要求。 (0x12B)
[1218/211445.739:ERROR:process_memory_win.cc(73)] ReadMemory at 0xc40b904000 of 6024 bytes failed: 僅完成部分的 ReadProcessMemory 或 WriteProcessMemory 要求。 (0x12B)
[1218/211445.739:ERROR:process_memory_win.cc(73)] ReadMemory at 0xc40b906000 of 6024 bytes failed: 僅完成部分的 ReadProcessMemory 或 WriteProcessMemory 要求。 (0x12B)
[1218/211445.739:ERROR:process_memory_win.cc(73)] ReadMemory at 0xc40b908000 of 6024 bytes failed: 僅完成部分的 ReadProcessMemory 或 WriteProcessMemory 要求。 (0x12B)
[1218/211445.739:ERROR:process_memory_win.cc(73)] ReadMemory at 0xc40b90a000 of 6024 bytes failed: 僅完成部分的 ReadProcessMemory 或 WriteProcessMemory 要求。 (0x12B)
[1218/211445.739:ERROR:process_memory_win.cc(73)] ReadMemory at 0xc40b90c000 of 6024 bytes failed: 僅完成部分的 ReadProcessMemory 或 WriteProcessMemory 要求。 (0x12B)
[1218/211445.739:ERROR:process_memory_win.cc(73)] ReadMemory at 0xc40b90e000 of 6024 bytes failed: 僅完成部分的 ReadProcessMemory 或 WriteProcessMemory 要求。 (0x12B)
[1218/211445.739:ERROR:process_memory_win.cc(73)] ReadMemory at 0xc40b910000 of 6024 bytes failed: 僅完成部分的 ReadProcessMemory 或 WriteProcessMemory 要求。 (0x12B)
[1218/211445.739:ERROR:process_memory_win.cc(73)] ReadMemory at 0xc40b912000 of 6024 bytes failed: 僅完成部分的 ReadProcessMemory 或 WriteProcessMemory 要求。 (0x12B)
[1218/211445.739:ERROR:process_memory_win.cc(73)] ReadMemory at 0xc40b914000 of 6024 bytes failed: 僅完成部分的 ReadProcessMemory 或 WriteProcessMemory 要求。 (0x12B)
[1218/211445.739:ERROR:process_memory_win.cc(73)] ReadMemory at 0xc40b916000 of 6024 bytes failed: 僅完成部分的 ReadProcessMemory 或 WriteProcessMemory 要求。 (0x12B)
[1218/211445.739:ERROR:process_memory_win.cc(73)] ReadMemory at 0xc40b918000 of 6024 bytes failed: 僅完成部分的 ReadProcessMemory 或 WriteProcessMemory 要求。 (0x12B)
[1218/211445.739:ERROR:process_memory_win.cc(73)] ReadMemory at 0xc40b91a000 of 6024 bytes failed: 僅完成部分的 ReadProcessMemory 或 WriteProcessMemory 要求。 (0x12B)
[1218/211445.739:ERROR:process_memory_win.cc(73)] ReadMemory at 0x295015b0000 of 384 bytes failed: 僅完成部分的 ReadProcessMemory 或 WriteProcessMemory 要求。 (0x12B)
[1218/211445.739:ERROR:process_memory_win.cc(73)] ReadMemory at 0x295015bd076 of 784 bytes failed: 僅完成部分的 ReadProcessMemory 或 WriteProcessMemory 要求。 (0x12B)
[1218/211445.739:ERROR:process_memory_win.cc(73)] ReadMemory at 0x295015c0500 of 512 bytes failed: 僅完成部分的 ReadProcessMemory 或 WriteProcessMemory 要求。 (0x12B)
[1218/211445.739:ERROR:process_memory_win.cc(73)] ReadMemory at 0x295015c3778 of 512 bytes failed: 僅完成部分的 ReadProcessMemory 或 WriteProcessMemory 要求。 (0x12B)
[1218/211445.739:ERROR:process_memory_win.cc(73)] ReadMemory at 0x295015c44f8 of 512 bytes failed: 僅完成部分的 ReadProcessMemory 或 WriteProcessMemory 要求。 (0x12B)
[1218/211445.739:ERROR:process_memory_win.cc(73)] ReadMemory at 0x295015c4c48 of 512 bytes failed: 僅完成部分的 ReadProcessMemory 或 WriteProcessMemory 要求。 (0x12B)
[1218/211445.739:ERROR:process_memory_win.cc(73)] ReadMemory at 0x295015e3680 of 512 bytes failed: 僅完成部分的 ReadProcessMemory 或 WriteProcessMemory 要求。 (0x12B)
[1218/211445.739:ERROR:process_memory_win.cc(73)] ReadMemory at 0x2950165b430 of 512 bytes failed: 僅完成部分的 ReadProcessMemory 或 WriteProcessMemory 要求。 (0x12B)
[1218/211445.739:ERROR:process_memory_win.cc(73)] ReadMemory at 0x2950165b930 of 512 bytes failed: 僅完成部分的 ReadProcessMemory 或 WriteProcessMemory 要求。 (0x12B)
[1218/211445.739:ERROR:process_memory_win.cc(73)] ReadMemory at 0x295018ec780 of 512 bytes failed: 僅完成部分的 ReadProcessMemory 或 WriteProcessMemory 要求。 (0x12B)
[1218/211445.739:ERROR:process_memory_win.cc(73)] ReadMemory at 0x2950194e480 of 584 bytes failed: 僅完成部分的 ReadProcessMemory 或 WriteProcessMemory 要求。 (0x12B)
[1218/211445.739:ERROR:process_memory_win.cc(73)] ReadMemory at 0x29501988f20 of 512 bytes failed: 僅完成部分的 ReadProcessMemory 或 WriteProcessMemory 要求。 (0x12B)
[1218/211445.739:ERROR:process_memory_win.cc(73)] ReadMemory at 0x295019a7a28 of 512 bytes failed: 僅完成部分的 ReadProcessMemory 或 WriteProcessMemory 要求。 (0x12B)
[1218/211445.739:ERROR:process_memory_win.cc(73)] ReadMemory at 0x2957b6e0e80 of 704 bytes failed: 僅完成部分的 ReadProcessMemory 或 WriteProcessMemory 要求。 (0x12B)
[1218/211445.739:ERROR:process_memory_win.cc(73)] ReadMemory at 0x2957b810fe0 of 5852 bytes failed: 僅完成部分的 ReadProcessMemory 或 WriteProcessMemory 要求。 (0x12B)
[1218/211445.739:ERROR:process_memory_win.cc(73)] ReadMemory at 0x2957b8126d0 of 1012 bytes failed: 僅完成部分的 ReadProcessMemory 或 WriteProcessMemory 要求。 (0x12B)
[1218/211445.739:ERROR:process_memory_win.cc(73)] ReadMemory at 0x2957b812d18 of 118 bytes failed: 僅完成部分的 ReadProcessMemory 或 WriteProcessMemory 要求。 (0x12B)
[1218/211445.739:ERROR:process_memory_win.cc(73)] ReadMemory at 0x2957b812d90 of 1230 bytes failed: 僅完成部分的 ReadProcessMemory 或 WriteProcessMemory 要求。 (0x12B)
[1218/211445.739:ERROR:process_memory_win.cc(73)] ReadMemory at 0x2957b813260 of 118 bytes failed: 僅完成部分的 ReadProcessMemory 或 WriteProcessMemory 要求。 (0x12B)
[1218/211445.739:ERROR:process_memory_win.cc(73)] ReadMemory at 0x2957b8132d8 of 100 bytes failed: 僅完成部分的 ReadProcessMemory 或 WriteProcessMemory 要求。 (0x12B)
[1218/211445.747:ERROR:process_memory_win.cc(73)] ReadMemory at 0x2957b813350 of 58 bytes failed: 僅完成部分的 ReadProcessMemory 或 WriteProcessMemory 要求。 (0x12B)
[1218/211445.747:ERROR:process_memory_win.cc(73)] ReadMemory at 0x2957b813450 of 132 bytes failed: 僅完成部分的 ReadProcessMemory 或 WriteProcessMemory 要求。 (0x12B)
[1218/211445.747:ERROR:process_memory_win.cc(73)] ReadMemory at 0x2957b8135e0 of 132 bytes failed: 僅完成部分的 ReadProcessMemory 或 WriteProcessMemory 要求。 (0x12B)
[1218/211445.747:ERROR:process_memory_win.cc(73)] ReadMemory at 0x2957b8137a0 of 124 bytes failed: 僅完成部分的 ReadProcessMemory 或 WriteProcessMemory 要求。 (0x12B)
[1218/211445.747:ERROR:process_memory_win.cc(73)] ReadMemory at 0x2957b813ca0 of 132 bytes failed: 僅完成部分的 ReadProcessMemory 或 WriteProcessMemory 要求。 (0x12B)
[1218/211445.747:ERROR:process_memory_win.cc(73)] ReadMemory at 0x2957b813e30 of 64 bytes failed: 僅完成部分的 ReadProcessMemory 或 WriteProcessMemory 要求。 (0x12B)
[1218/211445.747:ERROR:process_memory_win.cc(73)] ReadMemory at 0x2957b813f90 of 132 bytes failed: 僅完成部分的 ReadProcessMemory 或 WriteProcessMemory 要求。 (0x12B)
[1218/211445.747:ERROR:process_memory_win.cc(73)] ReadMemory at 0x2957b814120 of 62 bytes failed: 僅完成部分的 ReadProcessMemory 或 WriteProcessMemory 要求。 (0x12B)
[1218/211445.747:ERROR:process_memory_win.cc(73)] ReadMemory at 0x2957b814290 of 132 bytes failed: 僅完成部分的 ReadProcessMemory 或 WriteProcessMemory 要求。 (0x12B)
[1218/211445.747:ERROR:process_memory_win.cc(73)] ReadMemory at 0x2957b814420 of 68 bytes failed: 僅完成部分的 ReadProcessMemory 或 WriteProcessMemory 要求。 (0x12B)
[1218/211445.747:ERROR:process_memory_win.cc(73)] ReadMemory at 0x2957b821150 of 132 bytes failed: 僅完成部分的 ReadProcessMemory 或 WriteProcessMemory 要求。 (0x12B)
[1218/211445.747:ERROR:process_memory_win.cc(73)] ReadMemory at 0x2957b821360 of 132 bytes failed: 僅完成部分的 ReadProcessMemory 或 WriteProcessMemory 要求。 (0x12B)
[1218/211445.747:ERROR:process_memory_win.cc(73)] ReadMemory at 0x2957b8214f0 of 152 bytes failed: 僅完成部分的 ReadProcessMemory 或 WriteProcessMemory 要求。 (0x12B)
[1218/211445.747:ERROR:process_memory_win.cc(73)] ReadMemory at 0x2957b821b10 of 132 bytes failed: 僅完成部分的 ReadProcessMemory 或 WriteProcessMemory 要求。 (0x12B)
[1218/211445.747:ERROR:process_memory_win.cc(73)] ReadMemory at 0x2957b822da0 of 60 bytes failed: 僅完成部分的 ReadProcessMemory 或 WriteProcessMemory 要求。 (0x12B)
[1218/211445.747:ERROR:process_memory_win.cc(73)] ReadMemory at 0x2957b822df0 of 62 bytes failed: 僅完成部分的 ReadProcessMemory 或 WriteProcessMemory 要求。 (0x12B)
[1218/211445.747:ERROR:process_memory_win.cc(73)] ReadMemory at 0x2957b823430 of 62 bytes failed: 僅完成部分的 ReadProcessMemory 或 WriteProcessMemory 要求。 (0x12B)
[1218/211445.747:ERROR:process_memory_win.cc(73)] ReadMemory at 0x2957b8276c0 of 80 bytes failed: 僅完成部分的 ReadProcessMemory 或 WriteProcessMemory 要求。 (0x12B)
[1218/211445.747:ERROR:process_memory_win.cc(73)] ReadMemory at 0x2957b829420 of 54 bytes failed: 僅完成部分的 ReadProcessMemory 或 WriteProcessMemory 要求。 (0x12B)
[1218/211445.747:ERROR:process_memory_win.cc(73)] ReadMemory at 0x2957b8298ba of 512 bytes failed: 僅完成部分的 ReadProcessMemory 或 WriteProcessMemory 要求。 (0x12B)
[1218/211445.747:ERROR:process_memory_win.cc(73)] ReadMemory at 0x2957b82ba90 of 144 bytes failed: 僅完成部分的 ReadProcessMemory 或 WriteProcessMemory 要求。 (0x12B)
[1218/211445.747:ERROR:process_memory_win.cc(73)] ReadMemory at 0x2957b82e080 of 132 bytes failed: 僅完成部分的 ReadProcessMemory 或 WriteProcessMemory 要求。 (0x12B)
[1218/211445.747:ERROR:process_memory_win.cc(73)] ReadMemory at 0x2957b82f110 of 132 bytes failed: 僅完成部分的 ReadProcessMemory 或 WriteProcessMemory 要求。 (0x12B)
[1218/211445.747:ERROR:process_memory_win.cc(73)] ReadMemory at 0x2957b8303f0 of 132 bytes failed: 僅完成部分的 ReadProcessMemory 或 WriteProcessMemory 要求。 (0x12B)
[1218/211445.747:ERROR:process_memory_win.cc(73)] ReadMemory at 0x2957b8306f0 of 132 bytes failed: 僅完成部分的 ReadProcessMemory 或 WriteProcessMemory 要求。 (0x12B)
[1218/211445.747:ERROR:process_memory_win.cc(73)] ReadMemory at 0x2957b830990 of 60 bytes failed: 僅完成部分的 ReadProcessMemory 或 WriteProcessMemory 要求。 (0x12B)
[1218/211445.747:ERROR:process_memory_win.cc(73)] ReadMemory at 0x2957b8309e0 of 64 bytes failed: 僅完成部分的 ReadProcessMemory 或 WriteProcessMemory 要求。 (0x12B)
[1218/211445.747:ERROR:process_memory_win.cc(73)] ReadMemory at 0x2957b830a80 of 64 bytes failed: 僅完成部分的 ReadProcessMemory 或 WriteProcessMemory 要求。 (0x12B)
[1218/211445.747:ERROR:process_memory_win.cc(73)] ReadMemory at 0x2957b830ad0 of 62 bytes failed: 僅完成部分的 ReadProcessMemory 或 WriteProcessMemory 要求。 (0x12B)
[1218/211445.747:ERROR:process_memory_win.cc(73)] ReadMemory at 0x2957b830b70 of 60 bytes failed: 僅完成部分的 ReadProcessMemory 或 WriteProcessMemory 要求。 (0x12B)
[1218/211445.747:ERROR:process_memory_win.cc(73)] ReadMemory at 0x2957b830bc0 of 62 bytes failed: 僅完成部分的 ReadProcessMemory 或 WriteProcessMemory 要求。 (0x12B)
[1218/211445.747:ERROR:process_memory_win.cc(73)] ReadMemory at 0x2957b830e90 of 66 bytes failed: 僅完成部分的 ReadProcessMemory 或 WriteProcessMemory 要求。 (0x12B)
[1218/211445.747:ERROR:process_memory_win.cc(73)] ReadMemory at 0x2957b830ee0 of 64 bytes failed: 僅完成部分的 ReadProcessMemory 或 WriteProcessMemory 要求。 (0x12B)
[1218/211445.747:ERROR:process_memory_win.cc(73)] ReadMemory at 0x2957b830f30 of 60 bytes failed: 僅完成部分的 ReadProcessMemory 或 WriteProcessMemory 要求。 (0x12B)
[1218/211445.747:ERROR:process_memory_win.cc(73)] ReadMemory at 0x2957b830fd0 of 58 bytes failed: 僅完成部分的 ReadProcessMemory 或 WriteProcessMemory 要求。 (0x12B)
[1218/211445.747:ERROR:process_memory_win.cc(73)] ReadMemory at 0x2957b831020 of 62 bytes failed: 僅完成部分的 ReadProcessMemory 或 WriteProcessMemory 要求。 (0x12B)
[1218/211445.747:ERROR:process_memory_win.cc(73)] ReadMemory at 0x2957b831070 of 62 bytes failed: 僅完成部分的 ReadProcessMemory 或 WriteProcessMemory 要求。 (0x12B)
[1218/211445.747:ERROR:process_memory_win.cc(73)] ReadMemory at 0x2957b8310c0 of 64 bytes failed: 僅完成部分的 ReadProcessMemory 或 WriteProcessMemory 要求。 (0x12B)
[1218/211445.747:ERROR:process_memory_win.cc(73)] ReadMemory at 0x2957b8311b0 of 62 bytes failed: 僅完成部分的 ReadProcessMemory 或 WriteProcessMemory 要求。 (0x12B)
[1218/211445.747:ERROR:process_memory_win.cc(73)] ReadMemory at 0x2957b831250 of 64 bytes failed: 僅完成部分的 ReadProcessMemory 或 WriteProcessMemory 要求。 (0x12B)
[1218/211445.747:ERROR:process_memory_win.cc(73)] ReadMemory at 0x2957b8312a0 of 60 bytes failed: 僅完成部分的 ReadProcessMemory 或 WriteProcessMemory 要求。 (0x12B)
[1218/211445.747:ERROR:process_memory_win.cc(73)] ReadMemory at 0x2957b831340 of 62 bytes failed: 僅完成部分的 ReadProcessMemory 或 WriteProcessMemory 要求。 (0x12B)
[1218/211445.747:ERROR:process_memory_win.cc(73)] ReadMemory at 0x2957b831390 of 62 bytes failed: 僅完成部分的 ReadProcessMemory 或 WriteProcessMemory 要求。 (0x12B)
[1218/211445.747:ERROR:process_memory_win.cc(73)] ReadMemory at 0x2957b8313e0 of 60 bytes failed: 僅完成部分的 ReadProcessMemory 或 WriteProcessMemory 要求。 (0x12B)
[1218/211445.747:ERROR:process_memory_win.cc(73)] ReadMemory at 0x2957b831430 of 66 bytes failed: 僅完成部分的 ReadProcessMemory 或 WriteProcessMemory 要求。 (0x12B)
[1218/211445.747:ERROR:process_memory_win.cc(73)] ReadMemory at 0x2957b831520 of 62 bytes failed: 僅完成部分的 ReadProcessMemory 或 WriteProcessMemory 要求。 (0x12B)
[1218/211445.747:ERROR:process_memory_win.cc(73)] ReadMemory at 0x2957b831570 of 64 bytes failed: 僅完成部分的 ReadProcessMemory 或 WriteProcessMemory 要求。 (0x12B)
[1218/211445.747:ERROR:process_memory_win.cc(73)] ReadMemory at 0x2957b831610 of 60 bytes failed: 僅完成部分的 ReadProcessMemory 或 WriteProcessMemory 要求。 (0x12B)
[1218/211445.747:ERROR:process_memory_win.cc(73)] ReadMemory at 0x2957b831750 of 64 bytes failed: 僅完成部分的 ReadProcessMemory 或 WriteProcessMemory 要求。 (0x12B)
[1218/211445.747:ERROR:process_memory_win.cc(73)] ReadMemory at 0x2957b8317a0 of 62 bytes failed: 僅完成部分的 ReadProcessMemory 或 WriteProcessMemory 要求。 (0x12B)
[1218/211445.747:ERROR:process_memory_win.cc(73)] ReadMemory at 0x2957b8317f0 of 64 bytes failed: 僅完成部分的 ReadProcessMemory 或 WriteProcessMemory 要求。 (0x12B)
[1218/211445.747:ERROR:process_memory_win.cc(73)] ReadMemory at 0x2957b831c90 of 132 bytes failed: 僅完成部分的 ReadProcessMemory 或 WriteProcessMemory 要求。 (0x12B)
[1218/211445.747:ERROR:process_memory_win.cc(73)] ReadMemory at 0x2957b831ef0 of 132 bytes failed: 僅完成部分的 ReadProcessMemory 或 WriteProcessMemory 要求。 (0x12B)
[1218/211445.747:ERROR:process_memory_win.cc(73)] ReadMemory at 0x2957b832280 of 132 bytes failed: 僅完成部分的 ReadProcessMemory 或 WriteProcessMemory 要求。 (0x12B)
[1218/211445.747:ERROR:process_memory_win.cc(73)] ReadMemory at 0x2957b8323b0 of 132 bytes failed: 僅完成部分的 ReadProcessMemory 或 WriteProcessMemory 要求。 (0x12B)
[1218/211445.747:ERROR:process_memory_win.cc(73)] ReadMemory at 0x2957b832610 of 132 bytes failed: 僅完成部分的 ReadProcessMemory 或 WriteProcessMemory 要求。 (0x12B)
[1218/211445.747:ERROR:process_memory_win.cc(73)] ReadMemory at 0x2957b832870 of 132 bytes failed: 僅完成部分的 ReadProcessMemory 或 WriteProcessMemory 要求。 (0x12B)
[1218/211445.747:ERROR:process_memory_win.cc(73)] ReadMemory at 0x2957b832d30 of 132 bytes failed: 僅完成部分的 ReadProcessMemory 或 WriteProcessMemory 要求。 (0x12B)
[1218/211445.747:ERROR:process_memory_win.cc(73)] ReadMemory at 0x2957b832e60 of 132 bytes failed: 僅完成部分的 ReadProcessMemory 或 WriteProcessMemory 要求。 (0x12B)
[1218/211445.747:ERROR:process_memory_win.cc(73)] ReadMemory at 0x2957b8330c0 of 132 bytes failed: 僅完成部分的 ReadProcessMemory 或 WriteProcessMemory 要求。 (0x12B)
[1218/211445.747:ERROR:process_memory_win.cc(73)] ReadMemory at 0x2957b833450 of 132 bytes failed: 僅完成部分的 ReadProcessMemory 或 WriteProcessMemory 要求。 (0x12B)
[1218/211445.747:ERROR:process_memory_win.cc(73)] ReadMemory at 0x2957b833580 of 132 bytes failed: 僅完成部分的 ReadProcessMemory 或 WriteProcessMemory 要求。 (0x12B)
[1218/211445.747:ERROR:process_memory_win.cc(73)] ReadMemory at 0x2957b834a30 of 132 bytes failed: 僅完成部分的 ReadProcessMemory 或 WriteProcessMemory 要求。 (0x12B)
[1218/211445.747:ERROR:process_memory_win.cc(73)] ReadMemory at 0x2957b835540 of 132 bytes failed: 僅完成部分的 ReadProcessMemory 或 WriteProcessMemory 要求。 (0x12B)
[1218/211445.747:ERROR:process_memory_win.cc(73)] ReadMemory at 0x2957b835760 of 132 bytes failed: 僅完成部分的 ReadProcessMemory 或 WriteProcessMemory 要求。 (0x12B)
[1218/211445.747:ERROR:process_memory_win.cc(73)] ReadMemory at 0x2957b83bad0 of 132 bytes failed: 僅完成部分的 ReadProcessMemory 或 WriteProcessMemory 要求。 (0x12B)
[1218/211445.747:ERROR:process_memory_win.cc(73)] ReadMemory at 0x2957b83bc00 of 132 bytes failed: 僅完成部分的 ReadProcessMemory 或 WriteProcessMemory 要求。 (0x12B)
[1218/211445.747:ERROR:process_memory_win.cc(73)] ReadMemory at 0x2957b83c0a0 of 132 bytes failed: 僅完成部分的 ReadProcessMemory 或 WriteProcessMemory 要求。 (0x12B)
[1218/211445.747:ERROR:process_memory_win.cc(73)] ReadMemory at 0x2957b83c1d0 of 132 bytes failed: 僅完成部分的 ReadProcessMemory 或 WriteProcessMemory 要求。 (0x12B)
[1218/211445.747:ERROR:process_memory_win.cc(73)] ReadMemory at 0x2957b83c300 of 132 bytes failed: 僅完成部分的 ReadProcessMemory 或 WriteProcessMemory 要求。 (0x12B)
[1218/211445.747:ERROR:process_memory_win.cc(73)] ReadMemory at 0x2957b83c430 of 132 bytes failed: 僅完成部分的 ReadProcessMemory 或 WriteProcessMemory 要求。 (0x12B)
[1218/211445.747:ERROR:process_memory_win.cc(73)] ReadMemory at 0x2957b83c560 of 132 bytes failed: 僅完成部分的 ReadProcessMemory 或 WriteProcessMemory 要求。 (0x12B)
[1218/211445.747:ERROR:process_memory_win.cc(73)] ReadMemory at 0x2957b83c690 of 132 bytes failed: 僅完成部分的 ReadProcessMemory 或 WriteProcessMemory 要求。 (0x12B)
[1218/211445.747:ERROR:process_memory_win.cc(73)] ReadMemory at 0x2957b83c7c0 of 132 bytes failed: 僅完成部分的 ReadProcessMemory 或 WriteProcessMemory 要求。 (0x12B)
[1218/211445.747:ERROR:process_memory_win.cc(73)] ReadMemory at 0x2957b83c8f0 of 132 bytes failed: 僅完成部分的 ReadProcessMemory 或 WriteProcessMemory 要求。 (0x12B)
[1218/211445.747:ERROR:process_memory_win.cc(73)] ReadMemory at 0x2957b83ca20 of 132 bytes failed: 僅完成部分的 ReadProcessMemory 或 WriteProcessMemory 要求。 (0x12B)
[1218/211445.747:ERROR:process_memory_win.cc(73)] ReadMemory at 0x2957b83cb50 of 132 bytes failed: 僅完成部分的 ReadProcessMemory 或 WriteProcessMemory 要求。 (0x12B)
[1218/211445.747:ERROR:process_memory_win.cc(73)] ReadMemory at 0x2957b83cc80 of 132 bytes failed: 僅完成部分的 ReadProcessMemory 或 WriteProcessMemory 要求。 (0x12B)
[1218/211445.747:ERROR:process_memory_win.cc(73)] ReadMemory at 0x2957b83cdb0 of 132 bytes failed: 僅完成部分的 ReadProcessMemory 或 WriteProcessMemory 要求。 (0x12B)
[1218/211445.747:ERROR:process_memory_win.cc(73)] ReadMemory at 0x2957b8416e0 of 80 bytes failed: 僅完成部分的 ReadProcessMemory 或 WriteProcessMemory 要求。 (0x12B)
[1218/211445.747:ERROR:process_memory_win.cc(73)] ReadMemory at 0x2957b841b00 of 76 bytes failed: 僅完成部分的 ReadProcessMemory 或 WriteProcessMemory 要求。 (0x12B)
[1218/211445.747:ERROR:process_memory_win.cc(73)] ReadMemory at 0x2957b874bd0 of 976 bytes failed: 僅完成部分的 ReadProcessMemory 或 WriteProcessMemory 要求。 (0x12B)
[1218/211445.747:ERROR:process_memory_win.cc(73)] ReadMemory at 0x2957b892c90 of 1024 bytes failed: 僅完成部分的 ReadProcessMemory 或 WriteProcessMemory 要求。 (0x12B)
[1218/211445.747:ERROR:process_memory_win.cc(73)] ReadMemory at 0x2957b8978d0 of 512 bytes failed: 僅完成部分的 ReadProcessMemory 或 WriteProcessMemory 要求。 (0x12B)
[1218/211445.747:ERROR:process_memory_win.cc(73)] ReadMemory at 0x2957b8b64d0 of 512 bytes failed: 僅完成部分的 ReadProcessMemory 或 WriteProcessMemory 要求。 (0x12B)
[1218/211445.747:ERROR:process_memory_win.cc(73)] ReadMemory at 0x2957b8ba6c0 of 512 bytes failed: 僅完成部分的 ReadProcessMemory 或 WriteProcessMemory 要求。 (0x12B)
[1218/211445.747:ERROR:process_memory_win.cc(73)] ReadMemory at 0x2957b8c0200 of 512 bytes failed: 僅完成部分的 ReadProcessMemory 或 WriteProcessMemory 要求。 (0x12B)
[1218/211445.747:ERROR:process_memory_win.cc(73)] ReadMemory at 0x2957b8c4470 of 712 bytes failed: 僅完成部分的 ReadProcessMemory 或 WriteProcessMemory 要求。 (0x12B)
[1218/211445.747:ERROR:process_memory_win.cc(73)] ReadMemory at 0x2957b8e7bd0 of 512 bytes failed: 僅完成部分的 ReadProcessMemory 或 WriteProcessMemory 要求。 (0x12B)
[1218/211445.747:ERROR:process_memory_win.cc(73)] ReadMemory at 0x7fff5bd3c460 of 512 bytes failed: 僅完成部分的 ReadProcessMemory 或 WriteProcessMemory 要求。 (0x12B)
[1218/211445.747:ERROR:process_memory_win.cc(73)] ReadMemory at 0x7fff5c57214f of 512 bytes failed: 僅完成部分的 ReadProcessMemory 或 WriteProcessMemory 要求。 (0x12B)
[1218/211445.747:ERROR:process_memory_win.cc(73)] ReadMemory at 0x7fff60c6e39b of 512 bytes failed: 僅完成部分的 ReadProcessMemory 或 WriteProcessMemory 要求。 (0x12B)
[1218/211445.747:ERROR:process_memory_win.cc(73)] ReadMemory at 0x7fff611d57d0 of 512 bytes failed: 僅完成部分的 ReadProcessMemory 或 WriteProcessMemory 要求。 (0x12B)
[1218/211445.747:ERROR:process_memory_win.cc(73)] ReadMemory at 0x7fffed92d6e0 of 512 bytes failed: 僅完成部分的 ReadProcessMemory 或 WriteProcessMemory 要求。 (0x12B)
[1218/211445.747:ERROR:process_memory_win.cc(73)] ReadMemory at 0x7fffee2d1fd0 of 512 bytes failed: 僅完成部分的 ReadProcessMemory 或 WriteProcessMemory 要求。 (0x12B)
[1218/211445.747:ERROR:process_memory_win.cc(73)] ReadMemory at 0x7ffff029c6f4 of 672 bytes failed: 僅完成部分的 ReadProcessMemory 或 WriteProcessMemory 要求。 (0x12B)
[1218/211445.747:ERROR:process_memory_win.cc(73)] ReadMemory at 0x7ffff029ccf4 of 512 bytes failed: 僅完成部分的 ReadProcessMemory 或 WriteProcessMemory 要求。 (0x12B)
[1218/211445.747:ERROR:process_memory_win.cc(73)] ReadMemory at 0x7ffff029ffa4 of 608 bytes failed: 僅完成部分的 ReadProcessMemory 或 WriteProcessMemory 要求。 (0x12B)
[1218/211445.747:ERROR:process_memory_win.cc(73)] ReadMemory at 0x7ffff032c428 of 18 bytes failed: 僅完成部分的 ReadProcessMemory 或 WriteProcessMemory 要求。 (0x12B)
[1218/211445.747:ERROR:process_memory_win.cc(73)] ReadMemory at 0x7ffff035f4f8 of 40 bytes failed: 僅完成部分的 ReadProcessMemory 或 WriteProcessMemory 要求。 (0x12B)
[1218/211445.747:ERROR:process_memory_win.cc(73)] ReadMemory at 0x7ffff035f978 of 48 bytes failed: 僅完成部分的 ReadProcessMemory 或 WriteProcessMemory 要求。 (0x12B)
[1218/211445.747:ERROR:process_memory_win.cc(73)] ReadMemory at 0x7ffff03653c0 of 64 bytes failed: 僅完成部分的 ReadProcessMemory 或 WriteProcessMemory 要求。 (0x12B)
[1218/211445.747:ERROR:scoped_process_suspend.cc(40)] NtResumeProcess: 嘗試存取現有的處理程序。 (0xc000010a)
